<?xml version="1.0" encoding="UTF-8" ?>
<testsuite errors="0" failures="0" hostname="afterlife" name="SimpleTest" skipped="0" tests="1" time="0.047" timestamp="2016-01-02T18:29:52">
  <properties>
    <property name="default.javac.source" value="1.4" />
    <property name="file.encoding.pkg" value="sun.io" />
    <property name="jnlp.signing.alias" value="" />
    <property name="javac.source" value="1.6" />
    <property name="java.home" value="/usr/lib/jvm/java-7-openjdk-amd64/jre" />
    <property name="test.src.dir" value="test" />
    <property name="javadoc.version" value="false" />
    <property name="jnlp.mixed.code" value="default" />
    <property name="java.endorsed.dirs" value="/usr/lib/jvm/java-7-openjdk-amd64/jre/lib/endorsed" />
    <property name="src.dir" value="src" />
    <property name="debug-args-line" value="-Xdebug" />
    <property name="build.sysclasspath" value="ignore" />
    <property name="have.sources" value="true" />
    <property name="includes" value="**" />
    <property name="javac.fork" value="false" />
    <property name="source.encoding" value="UTF-8" />
    <property name="sun.os.patch.level" value="unknown" />
    <property name="java.vendor.url" value="http://java.oracle.com/" />
    <property name="java.version" value="1.7.0_85" />
    <property name="javac.debug" value="true" />
    <property name="run.classpath" value=":build/classes://usr/lib/jvm/java-7-openjdk-amd64/jre/../lib/tools.jar" />
    <property name="java.vendor.url.bug" value="http://bugreport.sun.com/bugreport/" />
    <property name="ant.project.invoked-targets" value="test" />
    <property name="annotation.processing.run.all.processors" value="true" />
    <property name="manifest.file" value="manifest.mf" />
    <property name="user.name" value="jamo" />
    <property name="jnlp.enabled" value="false" />
    <property name="empty.dir" value="/home/jamo/tmc-langs/tmc-langs-java/src/test/resources/UsingToolsJar/build/empty" />
    <property name="sun.io.unicode.encoding" value="UnicodeLittle" />
    <property name="ant.file.tools_jar" value="/home/jamo/tmc-langs/tmc-langs-java/src/test/resources/UsingToolsJar/build.xml" />
    <property name="sun.jnu.encoding" value="UTF-8" />
    <property name="java.runtime.name" value="OpenJDK Runtime Environment" />
    <property name="application.vendor" value="" />
    <property name="java.specification.name" value="Java Platform API Specification" />
    <property name="javadoc.author" value="false" />
    <property name="ap.proc.none.internal" value="" />
    <property name="user.timezone" value="" />
    <property name="path.separator" value=":" />
    <property name="version-output" value="java version &quot;1.7" />
    <property name="jnlp.signing" value="" />
    <property name="file.encoding" value="UTF-8" />
    <property name="dist.javadoc.dir" value="dist/javadoc" />
    <property name="ant.project.default-target" value="default" />
    <property name="sun.java.command" value="org.apache.tools.ant.taskdefs.optional.junit.JUnitTestRunner SimpleTest skipNonTests=false filtertrace=true haltOnError=false haltOnFailure=false showoutput=true outputtoformatters=true logfailedtests=true logtestlistenerevents=false formatter=org.apache.tools.ant.taskdefs.optional.junit.BriefJUnitResultFormatter formatter=org.apache.tools.ant.taskdefs.optional.junit.XMLJUnitResultFormatter,/home/jamo/tmc-langs/tmc-langs-java/src/test/resources/UsingToolsJar/build/test/results/TEST-SimpleTest.xml crashfile=/home/jamo/tmc-langs/tmc-langs-java/src/test/resources/UsingToolsJar/build/junitvmwatcher8968281457504780107.properties propsfile=/home/jamo/tmc-langs/tmc-langs-java/src/test/resources/UsingToolsJar/build/junit3472803866947011974.properties" />
    <property name="built-jar.properties" value="/home/jamo/tmc-langs/tmc-langs-java/src/test/resources/UsingToolsJar/build/built-jar.properties" />
    <property name="ant.file" value="/home/jamo/tmc-langs/tmc-langs-java/src/test/resources/UsingToolsJar/build.xml" />
    <property name="java.io.tmpdir" value="/tmp" />
    <property name="build.test.results.dir" value="build/test/results" />
    <property name="user.language" value="en" />
    <property name="line.separator" value="&#xa;" />
    <property name="javac.compilerargs" value="" />
    <property name="ant.file.type" value="file" />
    <property name="jar.compress" value="false" />
    <property name="debug-transport-by-os" value="dt_socket" />
    <property name="file.reference.tools.jar" value="//usr/lib/jvm/java-7-openjdk-amd64/jre/../lib/tools.jar" />
    <property name="java.vm.info" value="mixed mode" />
    <property name="javadoc.private" value="false" />
    <property name="annotation.processing.processors.list" value="" />
    <property name="java.vm.specification.name" value="Java Virtual Machine Specification" />
    <property name="build.test.classes.dir" value="build/test/classes" />
    <property name="platform.active" value="default_platform" />
    <property name="ap.cmd.line.internal" value="" />
    <property name="jdkBug6558476" value="false" />
    <property name="endorsed.classpath" value="" />
    <property name="javadoc.encoding" value="UTF-8" />
    <property name="java.awt.printerjob" value="sun.print.PSPrinterJob" />
    <property name="ap.processors.internal" value="" />
    <property name="do.archive" value="true" />
    <property name="dist.jar" value="dist/toos_jar.jar" />
    <property name="meta.inf.dir" value="src/META-INF" />
    <property name="ant.version" value="Apache Ant(TM) version 1.9.3 compiled on April 8 2014" />
    <property name="javadoc.nonavbar" value="false" />
    <property name="ant.file.toos_jar-impl" value="/home/jamo/tmc-langs/tmc-langs-java/src/test/resources/UsingToolsJar/nbproject/build-impl.xml" />
    <property name="annotation.processing.source.output" value="build/generated-sources/ap-source-output" />
    <property name="build.generated.dir" value="build/generated" />
    <property name="os.name" value="Linux" />
    <property name="java.specification.vendor" value="Oracle Corporation" />
    <property name="file.reference.junit-4.10.jar" value="lib/junit-4.10.jar" />
    <property name="run.test.classpath" value=":build/classes:lib/junit-4.10.jar:lib/edu-test-utils-0.4.1.jar://usr/lib/jvm/java-7-openjdk-amd64/jre/../lib/tools.jar:build/test/classes://usr/lib/jvm/java-7-openjdk-amd64/jre/../lib/tools.jar" />
    <property name="java.vm.name" value="OpenJDK 64-Bit Server VM" />
    <property name="ap.supported.internal" value="true" />
    <property name="java.library.path" value="/usr/java/packages/lib/amd64:/usr/lib/x86_64-linux-gnu/jni:/lib/x86_64-linux-gnu:/usr/lib/x86_64-linux-gnu:/usr/lib/jni:/lib:/usr/lib" />
    <property name="ant.java.version" value="1.7" />
    <property name="basedir" value="/home/jamo/tmc-langs/tmc-langs-java/src/test/resources/UsingToolsJar" />
    <property name="javadoc.noindex" value="false" />
    <property name="java.class.version" value="51.0" />
    <property name="javac.test.classpath" value=":build/classes:lib/junit-4.10.jar:lib/edu-test-utils-0.4.1.jar://usr/lib/jvm/java-7-openjdk-amd64/jre/../lib/tools.jar" />
    <property name="javac.processorpath" value="" />
    <property name="ant.home" value="/usr/share/ant" />
    <property name="javadoc.splitindex" value="true" />
    <property name="javac.test.processorpath" value=":build/classes:lib/junit-4.10.jar:lib/edu-test-utils-0.4.1.jar://usr/lib/jvm/java-7-openjdk-amd64/jre/../lib/tools.jar" />
    <property name="javadoc.preview" value="true" />
    <property name="jnlp.signing.keystore" value="" />
    <property name="junit.forkmode" value="perTest" />
    <property name="sun.boot.library.path" value="/usr/lib/jvm/java-7-openjdk-amd64/jre/lib/amd64" />
    <property name="build.dir" value="build" />
    <property name="application.title" value="toos_jar" />
    <property name="sun.management.compiler" value="HotSpot 64-Bit Tiered Compilers" />
    <property name="java.awt.graphicsenv" value="sun.awt.X11GraphicsEnvironment" />
    <property name="javadoc.encoding.used" value="UTF-8" />
    <property name="javadoc.windowtitle" value="" />
    <property name="annotation.processing.enabled" value="true" />
    <property name="build.generated.sources.dir" value="build/generated-sources" />
    <property name="run.jvmargs" value="" />
    <property name="ant.project.name" value="tools_jar" />
    <property name="java.vm.specification.version" value="1.7" />
    <property name="work.dir" value="/home/jamo/tmc-langs/tmc-langs-java/src/test/resources/UsingToolsJar" />
    <property name="awt.toolkit" value="sun.awt.X11.XToolkit" />
    <property name="javadoc.use" value="true" />
    <property name="sun.cpu.isalist" value="" />
    <property name="java.ext.dirs" value="/usr/lib/jvm/java-7-openjdk-amd64/jre/lib/ext:/usr/java/packages/lib/ext" />
    <property name="os.version" value="3.16.0-53-generic" />
    <property name="excludes" value="" />
    <property name="user.home" value="/home/jamo" />
    <property name="jnlp.descriptor" value="application" />
    <property name="java.vm.vendor" value="Oracle Corporation" />
    <property name="user.dir" value="/home/jamo/tmc-langs/tmc-langs-java/src/test/resources/UsingToolsJar" />
    <property name="debug-transport" value="dt_socket" />
    <property name="application.args" value="" />
    <property name="sun.cpu.endian" value="little" />
    <property name="endorsed.classpath.cmd.line.arg" value="" />
    <property name="jar.index" value="false" />
    <property name="java.vm.version" value="24.85-b03" />
    <property name="jnlp.offline-allowed" value="false" />
    <property name="annotation.processing.processor.options" value="" />
    <property name="java.class.path" value="/home/jamo/tmc-langs/tmc-langs-java/src/test/resources/UsingToolsJar/build/classes:/home/jamo/tmc-langs/tmc-langs-java/src/test/resources/UsingToolsJar/lib/junit-4.10.jar:/home/jamo/tmc-langs/tmc-langs-java/src/test/resources/UsingToolsJar/lib/edu-test-utils-0.4.1.jar:/usr/lib/jvm/java-7-openjdk-amd64/lib/tools.jar:/home/jamo/tmc-langs/tmc-langs-java/src/test/resources/UsingToolsJar/build/test/classes:/usr/share/ant/lib/junit.jar:/usr/share/java/ant-launcher-1.9.3.jar:/usr/share/ant/lib/ant.jar:/usr/share/ant/lib/ant-junit.jar:/usr/share/ant/lib/ant-junit4.jar" />
    <property name="ant.library.dir" value="/usr/share/ant/lib" />
    <property name="os.arch" value="amd64" />
    <property name="javac.deprecation" value="false" />
    <property name="build.classes.excludes" value="**/*.java,**/*.form" />
    <property name="dist.dir" value="dist" />
    <property name="debug.classpath" value=":build/classes://usr/lib/jvm/java-7-openjdk-amd64/jre/../lib/tools.jar" />
    <property name="sun.java.launcher" value="SUN_STANDARD" />
    <property name="jar.index.metainf" value="false" />
    <property name="jnlp.codebase.type" value="no.codebase" />
    <property name="ant.file.type.tools_jar" value="file" />
    <property name="annotation.processing.enabled.in.editor" value="false" />
    <property name="ant.core.lib" value="/usr/share/ant/lib/ant.jar" />
    <property name="jnlp.signed" value="false" />
    <property name="java.vm.specification.vendor" value="Oracle Corporation" />
    <property name="do.depend" value="false" />
    <property name="file.separator" value="/" />
    <property name="java.runtime.version" value="1.7.0_85-b01" />
    <property name="sun.boot.class.path" value="/usr/lib/jvm/java-7-openjdk-amd64/jre/lib/resources.jar:/usr/lib/jvm/java-7-openjdk-amd64/jre/lib/rt.jar:/usr/lib/jvm/java-7-openjdk-amd64/jre/lib/sunrsasign.jar:/usr/lib/jvm/java-7-openjdk-amd64/jre/lib/jsse.jar:/usr/lib/jvm/java-7-openjdk-amd64/jre/lib/jce.jar:/usr/lib/jvm/java-7-openjdk-amd64/jre/lib/charsets.jar:/usr/lib/jvm/java-7-openjdk-amd64/jre/lib/rhino.jar:/usr/lib/jvm/java-7-openjdk-amd64/jre/lib/jfr.jar:/usr/lib/jvm/java-7-openjdk-amd64/jre/classes" />
    <property name="debug.test.classpath" value=":build/classes:lib/junit-4.10.jar:lib/edu-test-utils-0.4.1.jar://usr/lib/jvm/java-7-openjdk-amd64/jre/../lib/tools.jar:build/test/classes://usr/lib/jvm/java-7-openjdk-amd64/jre/../lib/tools.jar" />
    <property name="have.tests" value="true" />
    <property name="jar.archive.disabled" value="false" />
    <property name="user.country" value="US" />
    <property name="javadoc.notree" value="false" />
    <property name="default.javac.target" value="1.4" />
    <property name="javadoc.additionalparam" value="" />
    <property name="javac.classpath" value="" />
    <property name="build.classes.dir" value="build/classes" />
    <property name="java.vendor" value="Oracle Corporation" />
    <property name="javac.target" value="1.6" />
    <property name="runtime.encoding" value="UTF-8" />
    <property name="file.reference.edu-test-utils-0.4.1.jar" value="lib/edu-test-utils-0.4.1.jar" />
    <property name="java.specification.version" value="1.7" />
    <property name="sun.arch.data.model" value="64" />
    <property name="mkdist.disabled" value="false" />
    <property name="ant.file.type.toos_jar-impl" value="file" />
  </properties>
  <testcase classname="SimpleTest" name="testToolsJar" time="0.004" />
  <system-out><![CDATA[]]></system-out>
  <system-err><![CDATA[]]></system-err>
</testsuite>
